<?xml version="1.0" encoding="UTF-8"?>
<testng-results ignored="0" total="1" passed="1" failed="0" skipped="0">
  <reporter-output>
  </reporter-output>
  <suite started-at="2023-11-30T10:51:27 IST" name="Default suite" finished-at="2023-11-30T10:51:27 IST" duration-ms="73">
    <groups>
    </groups>
    <test started-at="2023-11-30T10:51:27 IST" name="Default test" finished-at="2023-11-30T10:51:27 IST" duration-ms="73">
      <class name="jenkins.JenkinsRunTest">
        <test-method signature="runTest()[pri:0, instance:jenkins.JenkinsRunTest@3c19aaa5]" started-at="2023-11-30T10:51:27 IST" name="runTest" finished-at="2023-11-30T10:51:27 IST" duration-ms="11" status="PASS">
          <reporter-output>
          </reporter-output>
        </test-method> <!-- runTest -->
      </class> <!-- jenkins.JenkinsRunTest -->
    </test> <!-- Default test -->
  </suite> <!-- Default suite -->
</testng-results>
